INFO  2024-07-08 18:39:43,154   326ms Module1                Main               - Execution started
INFO  2024-07-08 18:39:43,390   562ms Module1                StartProcessing    - In StartProcessing
DEBUG 2024-07-08 18:39:43,390   562ms Module1                StartProcessing    - Day of week: monday Eastern Time of the Day: 9
INFO  2024-07-08 18:40:05,423 22595ms Module1                ExcelProcessing    - In ExcelProcessing
INFO  2024-07-08 18:40:27,741 44913ms Module1                WriteExcelWithNPOI - In WriteExcelWithNPOI => step 9
INFO  2024-07-08 18:40:30,421 47593ms Module1                WriteExcelWithNPOI - In WriteExcelWithNPOI => step 10
INFO  2024-07-08 18:40:56,813 73985ms Module1                SendEmail          - Email send to: soham_gangavane@vaspsolutions.com
ERROR 2024-07-08 18:41:15,505 92676ms Module1                SendEmail          - When deleting file after email send : System.IO.IOException: The process cannot access the file 'C:\OfficeWork\Trak\GIT_WeeklySupportTicketSummary\WeeklySupportTicketSummary\bin\Debug\2024_07_08_06_40_22.xls' because it is being used by another process.
   at System.IO.__Error.WinIOError(Int32 errorCode, String maybeFullPath)
   at System.IO.File.InternalDelete(String path, Boolean checkHost)
   at System.IO.File.Delete(String path)
   at WeeklySupportTicketSummary.Module1.SendEmail(String FileName, String EmailId) in C:\OfficeWork\Trak\GIT_WeeklySupportTicketSummary\WeeklySupportTicketSummary\Module1.vb:line 296
DEBUG 2024-07-08 18:41:17,114 94286ms Module1                StartProcessing    - Done for: 28284
INFO  2024-07-08 18:41:17,287 94459ms Module1                ExcelProcessing    - In ExcelProcessing
INFO  2024-07-08 18:41:25,674 102846ms Module1                WriteExcelWithNPOI - In WriteExcelWithNPOI => step 9
INFO  2024-07-08 18:41:25,674 102846ms Module1                WriteExcelWithNPOI - In WriteExcelWithNPOI => step 10
INFO  2024-07-08 18:43:01,135   298ms Module1                Main               - Execution started
INFO  2024-07-08 18:43:01,213   376ms Module1                StartProcessing    - In StartProcessing
DEBUG 2024-07-08 18:43:01,213   376ms Module1                StartProcessing    - Day of week: monday Eastern Time of the Day: 9
INFO  2024-07-08 18:43:41,033 40196ms Module1                ExcelProcessing    - In ExcelProcessing
INFO  2024-07-08 18:43:52,036 51198ms Module1                WriteExcelWithNPOI - In WriteExcelWithNPOI => step 9
INFO  2024-07-08 18:43:56,217 55379ms Module1                WriteExcelWithNPOI - In WriteExcelWithNPOI => step 10
INFO  2024-07-08 18:44:29,055 88217ms Module1                SendEmail          - Email send to: soham_gangavane@vaspsolutions.com
ERROR 2024-07-08 18:48:46,457 345619ms Module1                SendEmail          - When deleting file after email send : System.IO.IOException: The process cannot access the file 'C:\OfficeWork\Trak\GIT_WeeklySupportTicketSummary\WeeklySupportTicketSummary\bin\Debug\Attacments\2024_07_08_06_43_43.xls' because it is being used by another process.
   at System.IO.__Error.WinIOError(Int32 errorCode, String maybeFullPath)
   at System.IO.File.InternalDelete(String path, Boolean checkHost)
   at System.IO.File.Delete(String path)
   at WeeklySupportTicketSummary.Module1.SendEmail(String FileName, String EmailId)
DEBUG 2024-07-08 18:48:50,012 349174ms Module1                StartProcessing    - Done for: 28284
INFO  2024-07-08 18:48:53,538 352700ms Module1                ExcelProcessing    - In ExcelProcessing
